2020-05-13 09:42:50 7  1
2020-05-13 09:42:52 645  1
2020-05-13 09:42:54 649  1
2020-05-13 09:42:56 635  1
2020-05-13 09:42:58 607  1
2020-05-13 09:43:00 608  1
2020-05-13 09:43:02 605  1
2020-05-13 09:43:04 606  1
2020-05-13 09:43:09 323  1
2020-05-13 09:43:11 301  1
2020-05-13 09:43:15 459  1
2020-05-13 09:43:17 461  1
2020-05-13 09:43:19 463  1
2020-05-13 09:43:21 459  1
2020-05-13 09:43:23 426  1
2020-05-13 09:43:25 429  1
2020-05-13 09:43:27 429  1
2020-05-13 09:43:30 696  1
2020-05-13 09:43:32 678  1
2020-05-13 09:43:34 686  1
2020-05-13 09:43:39 276  1
2020-05-13 09:43:41 277  1
2020-05-13 09:43:43 237  1
2020-05-13 09:43:45 238  1
2020-05-13 09:43:47 241  1
2020-05-13 09:43:49 236  1
2020-05-13 09:43:51 237  1
2020-05-13 09:43:53 237  1
2020-05-13 09:43:55 236  1
2020-05-13 09:43:57 24  1
2020-05-13 09:43:59 243  1
2020-05-13 09:44:01 245  1
2020-05-13 09:44:03 238  1
2020-05-13 09:44:05 235  1
2020-05-13 09:44:07 236  1
2020-05-13 09:44:09 235  1
2020-05-13 09:44:11 246  1
2020-05-13 09:44:13 25  1
2020-05-13 09:44:15 248  1
2020-05-13 09:44:17 235  1
2020-05-13 09:44:20 378  1
2020-05-13 09:44:22 367  1
2020-05-13 09:44:24 335  1
2020-05-13 09:44:26 33  1
2020-05-13 09:44:28 329  1
2020-05-13 09:44:30 336  1
2020-05-13 09:44:32 332  1
2020-05-13 09:44:34 33  1
2020-05-13 09:44:36 33  1
2020-05-13 09:44:39 57  1
2020-05-13 09:45:39 757  1
2020-05-13 09:45:41 761  1
2020-05-13 09:45:43 726  1
2020-05-13 09:45:45 743  1
2020-05-13 09:45:47 728  1
2020-05-13 09:45:49 722  1
2020-05-13 09:45:51 716  1
2020-05-13 09:45:53 728  1
2020-05-13 09:45:55 722  1
2020-05-13 09:45:57 721  1
2020-05-13 09:45:59 745  1
2020-05-13 09:47:17 926  1
2020-05-13 09:47:19 915  1
2020-05-13 09:47:21 898  1
2020-05-13 09:47:24 51  1
2020-05-13 09:47:25 882  1
2020-05-13 09:47:27 876  1
2020-05-13 09:47:29 88  1
2020-05-13 09:47:31 881  1
2020-05-13 09:47:33 892  1
2020-05-13 09:47:35 877  1
2020-05-13 09:47:37 881  1
2020-05-13 09:47:39 876  1
2020-05-13 09:47:41 874  1
2020-05-13 09:47:43 89  1
2020-05-13 09:47:45 876  1
2020-05-13 09:47:47 876  1
2020-05-13 09:47:49 887  1
2020-05-13 09:47:51 891  1
2020-05-13 09:47:53 891  1
2020-05-13 09:47:55 876  1
2020-05-13 09:47:57 88  1
2020-05-13 09:47:59 877  1
2020-05-13 09:48:01 912  1
2020-05-13 09:48:03 876  1
2020-05-13 09:48:07 604  1
2020-05-13 09:48:09 603  1
2020-05-13 09:48:11 566  1
2020-05-13 09:48:13 571  1
2020-05-13 09:48:15 566  1
2020-05-13 09:48:17 568  1
